Using pre-set license
Built from 'master' branch; Version is '2020.3.36f1 (71f96b79b9f0) revision 7469419'; Using compiler version '192528614'; Build Type 'Release'
OS: 'Windows 10  (10.0.19043) 64bit Professional' Language: 'en' Physical Memory: 8134 MB
BatchMode: 1, IsHumanControllingUs: 0, StartBugReporterOnCrash: 0, Is64bit: 1, IsPro: 0

COMMAND LINE ARGUMENTS:
D:\UnityEditor\2020.3.36f1\Editor\Unity.exe
-adb2
-batchMode
-noUpm
-name
AssetImportWorker0
-projectPath
D:/UnityProject/JameGam19
-logFile
Logs/AssetImportWorker0.log
-srvPort
59007
Successfully changed project path to: D:/UnityProject/JameGam19
D:/UnityProject/JameGam19
Using Asset Import Pipeline V2.
Refreshing native plugins compatible for Editor in 28.20 ms, found 2 plugins.
Preloading 0 native plugins for Editor in 0.00 ms.
Initialize engine version: 2020.3.36f1 (71f96b79b9f0)
[Subsystems] Discovering subsystems at path D:/UnityEditor/2020.3.36f1/Editor/Data/Resources/UnitySubsystems
[Subsystems] Discovering subsystems at path D:/UnityProject/JameGam19/Assets
GfxDevice: creating device client; threaded=0
Direct3D:
    Version:  Direct3D 11.0 [level 11.1]
    Renderer: NVIDIA GeForce GTX 1060 3GB (ID=0x1c02)
    Vendor:   
    VRAM:     2988 MB
    Driver:   27.21.14.6192
Initialize mono
Mono path[0] = 'D:/UnityEditor/2020.3.36f1/Editor/Data/Managed'
Mono path[1] = 'D:/UnityEditor/2020.3.36f1/Editor/Data/MonoBleedingEdge/lib/mono/unityjit'
Mono config path = 'D:/UnityEditor/2020.3.36f1/Editor/Data/MonoBleedingEdge/etc'
Using monoOptions --debugger-agent=transport=dt_socket,embedding=1,server=y,suspend=n,address=127.0.0.1:56976
Begin MonoManager ReloadAssembly
Registering precompiled unity dll's ...
Register platform support module: D:/UnityEditor/2020.3.36f1/Editor/Data/PlaybackEngines/WindowsStandaloneSupport/UnityEditor.WindowsStandalone.Extensions.dll
Registered in 0.000961 seconds.
Native extension for WindowsStandalone target not found
Refreshing native plugins compatible for Editor in 26.59 ms, found 2 plugins.
Preloading 0 native plugins for Editor in 0.00 ms.
Mono: successfully reloaded assembly
- Completed reload, in  0.511 seconds
Domain Reload Profiling:
	ReloadAssembly (511ms)
		BeginReloadAssembly (58ms)
			ExecutionOrderSort (0ms)
			DisableScriptedObjects (0ms)
			BackupInstance (0ms)
			ReleaseScriptingObjects (0ms)
			CreateAndSetChildDomain (1ms)
		EndReloadAssembly (391ms)
			LoadAssemblies (58ms)
			RebuildTransferFunctionScriptingTraits (0ms)
			SetupTypeCache (138ms)
			ReleaseScriptCaches (0ms)
			RebuildScriptCaches (27ms)
			SetupLoadedEditorAssemblies (138ms)
				LogAssemblyErrors (0ms)
				InitializePlatformSupportModulesInManaged (3ms)
				SetLoadedEditorAssemblies (0ms)
				RefreshPlugins (27ms)
				BeforeProcessingInitializeOnLoad (15ms)
				ProcessInitializeOnLoadAttributes (69ms)
				ProcessInitializeOnLoadMethodAttributes (24ms)
				AfterProcessingInitializeOnLoad (0ms)
				EditorAssembliesLoaded (0ms)
			ExecutionOrderSort2 (0ms)
			AwakeInstancesAfterBackupRestoration (0ms)
Platform modules already initialized, skipping
Registering precompiled user dll's ...
Registered in 0.001798 seconds.
Begin MonoManager ReloadAssembly
Native extension for WindowsStandalone target not found
Refreshing native plugins compatible for Editor in 0.31 ms, found 2 plugins.
Preloading 0 native plugins for Editor in 0.00 ms.
Mono: successfully reloaded assembly
- Completed reload, in  0.876 seconds
Domain Reload Profiling:
	ReloadAssembly (877ms)
		BeginReloadAssembly (131ms)
			ExecutionOrderSort (0ms)
			DisableScriptedObjects (4ms)
			BackupInstance (0ms)
			ReleaseScriptingObjects (0ms)
			CreateAndSetChildDomain (16ms)
		EndReloadAssembly (694ms)
			LoadAssemblies (89ms)
			RebuildTransferFunctionScriptingTraits (0ms)
			SetupTypeCache (247ms)
			ReleaseScriptCaches (0ms)
			RebuildScriptCaches (36ms)
			SetupLoadedEditorAssemblies (252ms)
				LogAssemblyErrors (0ms)
				InitializePlatformSupportModulesInManaged (4ms)
				SetLoadedEditorAssemblies (0ms)
				RefreshPlugins (0ms)
				BeforeProcessingInitializeOnLoad (65ms)
				ProcessInitializeOnLoadAttributes (168ms)
				ProcessInitializeOnLoadMethodAttributes (12ms)
				AfterProcessingInitializeOnLoad (2ms)
				EditorAssembliesLoaded (0ms)
			ExecutionOrderSort2 (0ms)
			AwakeInstancesAfterBackupRestoration (2ms)
Platform modules already initialized, skipping
========================================================================
Worker process is ready to serve import requests
Launched and connected shader compiler UnityShaderCompiler.exe after 0.10 seconds
Refreshing native plugins compatible for Editor in 0.28 ms, found 2 plugins.
Preloading 0 native plugins for Editor in 0.00 ms.
Unloading 1511 Unused Serialized files (Serialized files now loaded: 0)
System memory in use before: 68.6 MB.
System memory in use after: 68.7 MB.

Unloading 16 unused Assets to reduce memory usage. Loaded Objects now: 1947.
Total: 2.347400 ms (FindLiveObjects: 0.112400 ms CreateObjectMapping: 0.039600 ms MarkObjects: 2.134300 ms  DeleteObjects: 0.059900 ms)

AssetImportParameters requested are different than current active one (requested -> active):
  custom:framework-win-MediaFoundation: 216162199b28c13a410421893ffa2e32 -> 
  custom:video-decoder-ogg-theora: a1e56fd34408186e4bbccfd4996cb3dc -> 
  custom:container-muxer-webm: aa71ff27fc2769a1b78a27578f13a17b -> 
  custom:container-demuxer-webm: 4f35f7cbe854078d1ac9338744f61a02 -> 
  custom:container-demuxer-ogg: 62fdf1f143b41e24485cea50d1cbac27 -> 
  custom:video-encoder-webm-vp8: eb34c28f22e8b96e1ab97ce403110664 -> 
  custom:video-decoder-webm-vp8: 9c59270c3fd7afecdb556c50c9e8de78 -> 
  custom:audio-decoder-ogg-vorbis: bf7c407c2cedff20999df2af8eb42d56 -> 
  custom:audio-encoder-webm-vorbis: bf7c407c2cedff20999df2af8eb42d56 -> 
========================================================================
Received Import Request.
  path: Assets
  artifactKey: Guid(00000000000000001000000000000000) Importer(815301076,1909f56bfc062723c751e8b465ee728b)
Start importing Assets using Guid(00000000000000001000000000000000) Importer(815301076,1909f56bfc062723c751e8b465ee728b)  -> (artifact id: '42d402b061de3733987d63b9cc3b64de') in 0.040561 seconds 
========================================================================
Received Import Request.
  Time since last request: 11.088146 seconds.
  path: Assets/Scenes
  artifactKey: Guid(cb20a6ef4f2189b409fbd3aff0c47161) Importer(815301076,1909f56bfc062723c751e8b465ee728b)
Start importing Assets/Scenes using Guid(cb20a6ef4f2189b409fbd3aff0c47161) Importer(815301076,1909f56bfc062723c751e8b465ee728b)  -> (artifact id: '737836102d99bb87f61941606621d0d4') in 0.007475 seconds 
========================================================================
Received Import Request.
  Time since last request: 1.519992 seconds.
  path: Assets/Scenes/SampleScene.unity
  artifactKey: Guid(9fc0d4010bbf28b4594072e72b8655ab) Importer(815301076,1909f56bfc062723c751e8b465ee728b)
Start importing Assets/Scenes/SampleScene.unity using Guid(9fc0d4010bbf28b4594072e72b8655ab) Importer(815301076,1909f56bfc062723c751e8b465ee728b)  -> (artifact id: '94c55409359c0051422e58de30b0573d') in 0.005945 seconds 
========================================================================
Received Import Request.
  Time since last request: 34.147627 seconds.
  path: Assets/Setting
  artifactKey: Guid(401ca2e10d8500c4da4b4485b4b8ab0c) Importer(815301076,1909f56bfc062723c751e8b465ee728b)
Start importing Assets/Setting using Guid(401ca2e10d8500c4da4b4485b4b8ab0c) Importer(815301076,1909f56bfc062723c751e8b465ee728b)  -> (artifact id: 'f42c365d27b56d168dd02ecceee718d0') in 0.005665 seconds 
========================================================================
Received Prepare
Registering precompiled user dll's ...
Registered in 0.003562 seconds.
Begin MonoManager ReloadAssembly
Native extension for WindowsStandalone target not found
Refreshing native plugins compatible for Editor in 43.78 ms, found 2 plugins.
Preloading 0 native plugins for Editor in 0.00 ms.
Mono: successfully reloaded assembly
- Completed reload, in  0.967 seconds
Domain Reload Profiling:
	ReloadAssembly (968ms)
		BeginReloadAssembly (107ms)
			ExecutionOrderSort (0ms)
			DisableScriptedObjects (4ms)
			BackupInstance (0ms)
			ReleaseScriptingObjects (0ms)
			CreateAndSetChildDomain (30ms)
		EndReloadAssembly (808ms)
			LoadAssemblies (95ms)
			RebuildTransferFunctionScriptingTraits (0ms)
			SetupTypeCache (284ms)
			ReleaseScriptCaches (1ms)
			RebuildScriptCaches (33ms)
			SetupLoadedEditorAssemblies (302ms)
				LogAssemblyErrors (0ms)
				InitializePlatformSupportModulesInManaged (4ms)
				SetLoadedEditorAssemblies (0ms)
				RefreshPlugins (44ms)
				BeforeProcessingInitializeOnLoad (57ms)
				ProcessInitializeOnLoadAttributes (182ms)
				ProcessInitializeOnLoadMethodAttributes (12ms)
				AfterProcessingInitializeOnLoad (2ms)
				EditorAssembliesLoaded (0ms)
			ExecutionOrderSort2 (0ms)
			AwakeInstancesAfterBackupRestoration (2ms)
Platform modules already initialized, skipping
Shader 'Universal Render Pipeline/Nature/SpeedTree7': dependency 'BillboardShader' shader 'Universal Render Pipeline/Nature/SpeedTree7 Billboard' not found
Shader 'Universal Render Pipeline/Baked Lit': fallback shader 'Universal Render Pipeline/Unlit' not found
Shader 'Universal Render Pipeline/Simple Lit': fallback shader 'Hidden/Universal Render Pipeline/FallbackError' not found
Shader 'Universal Render Pipeline/Terrain/Lit': fallback shader 'Hidden/Universal Render Pipeline/FallbackError' not found
Shader 'Universal Render Pipeline/Terrain/Lit': dependency 'AddPassShader' shader 'Hidden/Universal Render Pipeline/Terrain/Lit (Add Pass)' not found
Shader 'Universal Render Pipeline/Terrain/Lit': dependency 'BaseMapShader' shader 'Hidden/Universal Render Pipeline/Terrain/Lit (Base Pass)' not found
Shader 'Universal Render Pipeline/Terrain/Lit': dependency 'BaseMapGenShader' shader 'Hidden/Universal Render Pipeline/Terrain/Lit (Basemap Gen)' not found
Shader 'Hidden/Universal Render Pipeline/Terrain/Lit (Add Pass)': fallback shader 'Hidden/Universal Render Pipeline/FallbackError' not found
Shader 'Hidden/Universal Render Pipeline/Terrain/Lit (Base Pass)': fallback shader 'Hidden/Universal Render Pipeline/FallbackError' not found
Refreshing native plugins compatible for Editor in 1.49 ms, found 2 plugins.
Preloading 0 native plugins for Editor in 0.00 ms.
Unloading 2762 Unused Serialized files (Serialized files now loaded: 0)
System memory in use before: 120.1 MB.
System memory in use after: 115.9 MB.

Unloading 68 unused Assets to reduce memory usage. Loaded Objects now: 3150.
Total: 7.501700 ms (FindLiveObjects: 0.253600 ms CreateObjectMapping: 0.168500 ms MarkObjects: 4.410300 ms  DeleteObjects: 2.668100 ms)

AssetImportParameters requested are different than current active one (requested -> active):
  custom:framework-win-MediaFoundation: 216162199b28c13a410421893ffa2e32 -> 
  custom:video-decoder-ogg-theora: a1e56fd34408186e4bbccfd4996cb3dc -> 
  custom:container-muxer-webm: aa71ff27fc2769a1b78a27578f13a17b -> 
  custom:container-demuxer-webm: 4f35f7cbe854078d1ac9338744f61a02 -> 
  custom:container-demuxer-ogg: 62fdf1f143b41e24485cea50d1cbac27 -> 
  custom:video-encoder-webm-vp8: eb34c28f22e8b96e1ab97ce403110664 -> 
  custom:video-decoder-webm-vp8: 9c59270c3fd7afecdb556c50c9e8de78 -> 
  custom:audio-decoder-ogg-vorbis: bf7c407c2cedff20999df2af8eb42d56 -> 
  custom:audio-encoder-webm-vorbis: bf7c407c2cedff20999df2af8eb42d56 -> 
========================================================================
Received Import Request.
  Time since last request: 227.201093 seconds.
  path: Assets/Setting/New 2D Renderer Data.asset
  artifactKey: Guid(de9c8053a39d35641aa7367f930159af) Importer(815301076,1909f56bfc062723c751e8b465ee728b)
Start importing Assets/Setting/New 2D Renderer Data.asset using Guid(de9c8053a39d35641aa7367f930159af) Importer(815301076,1909f56bfc062723c751e8b465ee728b)  -> (artifact id: '3e4c917632bc1bc6ce59a368d9fc6eb1') in 0.072480 seconds 
========================================================================
Received Import Request.
  Time since last request: 96.852829 seconds.
  path: Assets/Setting/UniversalRenderPipelineAsset.asset
  artifactKey: Guid(39cb4c8cc2c298c4abbb37e16bd5c915) Importer(815301076,1909f56bfc062723c751e8b465ee728b)
Start importing Assets/Setting/UniversalRenderPipelineAsset.asset using Guid(39cb4c8cc2c298c4abbb37e16bd5c915) Importer(815301076,1909f56bfc062723c751e8b465ee728b)  -> (artifact id: '6ce8f10436505be873c6e810d32a0ecc') in 0.089751 seconds 
========================================================================
Received Prepare
Switching render pipeline 00000000000000000000000000000000 -> 39cb4c8cc2c298c4abbb37e16bd5c915
Refreshing native plugins compatible for Editor in 140.23 ms, found 2 plugins.
Preloading 0 native plugins for Editor in 0.00 ms.
Unloading 114 Unused Serialized files (Serialized files now loaded: 0)
System memory in use before: 71.4 MB.
System memory in use after: 68.4 MB.

Unloading 46 unused Assets to reduce memory usage. Loaded Objects now: 3218.
Total: 6.935400 ms (FindLiveObjects: 0.339200 ms CreateObjectMapping: 0.223000 ms MarkObjects: 4.402600 ms  DeleteObjects: 1.969300 ms)

AssetImportParameters requested are different than current active one (requested -> active):
  custom:framework-win-MediaFoundation: 216162199b28c13a410421893ffa2e32 -> 
  custom:video-decoder-ogg-theora: a1e56fd34408186e4bbccfd4996cb3dc -> 
  custom:container-muxer-webm: aa71ff27fc2769a1b78a27578f13a17b -> 
  custom:container-demuxer-webm: 4f35f7cbe854078d1ac9338744f61a02 -> 
  custom:container-demuxer-ogg: 62fdf1f143b41e24485cea50d1cbac27 -> 
  custom:video-encoder-webm-vp8: eb34c28f22e8b96e1ab97ce403110664 -> 
  custom:video-decoder-webm-vp8: 9c59270c3fd7afecdb556c50c9e8de78 -> 
  custom:audio-decoder-ogg-vorbis: bf7c407c2cedff20999df2af8eb42d56 -> 
  custom:audio-encoder-webm-vorbis: bf7c407c2cedff20999df2af8eb42d56 -> 
========================================================================
Received Import Request.
  Time since last request: 34.326446 seconds.
  path: Assets/Setting/UniversalRenderPipelineAsset_Renderer.asset
  artifactKey: Guid(3bf73f2b6bac0a04aaebadc42c49b3bc) Importer(815301076,1909f56bfc062723c751e8b465ee728b)
Start importing Assets/Setting/UniversalRenderPipelineAsset_Renderer.asset using Guid(3bf73f2b6bac0a04aaebadc42c49b3bc) Importer(815301076,1909f56bfc062723c751e8b465ee728b)  -> (artifact id: 'd2e56adee78ef71e0e0c95aec24ec836') in 0.008660 seconds 
========================================================================
Received Import Request.
  Time since last request: 22.978194 seconds.
  path: Assets/Setting/UniversalRenderPipelineAsset.asset
  artifactKey: Guid(39cb4c8cc2c298c4abbb37e16bd5c915) Importer(815301076,1909f56bfc062723c751e8b465ee728b)
Start importing Assets/Setting/UniversalRenderPipelineAsset.asset using Guid(39cb4c8cc2c298c4abbb37e16bd5c915) Importer(815301076,1909f56bfc062723c751e8b465ee728b)  -> (artifact id: '9c9e1bfb16ad55cb900595f9d88dada3') in 0.004823 seconds 
========================================================================
Received Import Request.
  Time since last request: 4.147267 seconds.
  path: Packages/com.unity.render-pipelines.universal/Runtime/Data/PostProcessData.asset
  artifactKey: Guid(41439944d30ece34e96484bdb6645b55) Importer(815301076,1909f56bfc062723c751e8b465ee728b)
Start importing Packages/com.unity.render-pipelines.universal/Runtime/Data/PostProcessData.asset using Guid(41439944d30ece34e96484bdb6645b55) Importer(815301076,1909f56bfc062723c751e8b465ee728b)  -> (artifact id: '5b966707a01685e2f4bc1dc21efb20ee') in 0.006737 seconds 
========================================================================
Received Import Request.
  Time since last request: 28.347982 seconds.
  path: Assets/Setting/CustomForwardRendererData.asset
  artifactKey: Guid(35294b5cfb6e29e478f5d7754e6f55f9) Importer(815301076,1909f56bfc062723c751e8b465ee728b)
Start importing Assets/Setting/CustomForwardRendererData.asset using Guid(35294b5cfb6e29e478f5d7754e6f55f9) Importer(815301076,1909f56bfc062723c751e8b465ee728b)  -> (artifact id: '66d4a6752aa25be6a09c0612d5541437') in 0.007959 seconds 
========================================================================
Received Import Request.
  Time since last request: 153.576486 seconds.
  path: Assets/Setting/UniversalRenderPipelineAsset.asset
  artifactKey: Guid(39cb4c8cc2c298c4abbb37e16bd5c915) Importer(815301076,1909f56bfc062723c751e8b465ee728b)
Start importing Assets/Setting/UniversalRenderPipelineAsset.asset using Guid(39cb4c8cc2c298c4abbb37e16bd5c915) Importer(815301076,1909f56bfc062723c751e8b465ee728b)  -> (artifact id: '019882b844848947f4a92c28b8057a07') in 0.017050 seconds 
========================================================================
Received Import Request.
  Time since last request: 2.756113 seconds.
  path: Assets/Setting/UniversalRenderPipelineAsset_Renderer.asset
  artifactKey: Guid(3bf73f2b6bac0a04aaebadc42c49b3bc) Importer(815301076,1909f56bfc062723c751e8b465ee728b)
Start importing Assets/Setting/UniversalRenderPipelineAsset_Renderer.asset using Guid(3bf73f2b6bac0a04aaebadc42c49b3bc) Importer(815301076,1909f56bfc062723c751e8b465ee728b)  -> (artifact id: '7fdf4826bfc8e314a66c65b0efeb41d1') in 0.005832 seconds 
========================================================================
Received Import Request.
  Time since last request: 62.810624 seconds.
  path: Assets/Scenes/SampleScene
  artifactKey: Guid(68ba88c56de271945aaa38a3f3b50e46) Importer(815301076,1909f56bfc062723c751e8b465ee728b)
Start importing Assets/Scenes/SampleScene using Guid(68ba88c56de271945aaa38a3f3b50e46) Importer(815301076,1909f56bfc062723c751e8b465ee728b)  -> (artifact id: '5dfdaa3804a2c7bcfe17f4db73f597ed') in 0.006417 seconds 
========================================================================
Received Import Request.
  Time since last request: 1.164667 seconds.
  path: Assets/Scenes/SampleScene/Global Volume Profile.asset
  artifactKey: Guid(4a322952dec51ac48af2272b9326f21d) Importer(815301076,1909f56bfc062723c751e8b465ee728b)
Start importing Assets/Scenes/SampleScene/Global Volume Profile.asset using Guid(4a322952dec51ac48af2272b9326f21d) Importer(815301076,1909f56bfc062723c751e8b465ee728b)  -> (artifact id: 'd4f218042355917ae127668a06c23ae8') in 0.008094 seconds 
AssetImportWorkerClient::OnTransportError - code=2 error=End of file
